<?xml version="1.0" encoding="UTF-8"?>
<!-- Generated by org.testng.reporters.JUnitXMLReporter -->
<testsuite ignored="2" failures="0" tests="2" name="LoginTest" time="24.762" errors="0" timestamp="2023-08-16T03:18:13 BDT">
  <testcase classname="com.it.bd.tests.LoginTest" name="loginTest" time="13.561"/>
  <testcase classname="com.it.bd.tests.DashboardTest" name="dashBoardTest" time="7.082"/>
  <testcase classname="com.it.bd.drivers.BaseDriver" name="@BeforeSuite Start" time="0.0">
    <ignored/>
  </testcase> <!-- @BeforeSuite Start -->
  <testcase classname="com.it.bd.drivers.BaseDriver" name="@AfterSuite close" time="0.0">
    <ignored/>
  </testcase> <!-- @AfterSuite close -->
</testsuite> <!-- LoginTest -->
