<?xml version="1.0" encoding="UTF-8"?>
<!-- Generated by org.testng.reporters.JUnitXMLReporter -->
<testsuite ignored="1" failures="0" tests="3" name="Default test" time="41.899" errors="0" timestamp="2023-08-22T02:16:29 BDT">
  <testcase classname="com.it.bd.tests.LoginTest" name="loginTestwithInvalidcredentials" time="12.408"/>
  <testcase classname="com.it.bd.tests.LoginTest" name="loginTestwithInvalidcredentials" time="12.304"/>
  <testcase classname="com.it.bd.tests.LoginTest" name="loginTestwithInvalidcredentials" time="12.31"/>
  <testcase classname="com.it.bd.tests.LoginTest" name="loginTest" time="0.0">
    <ignored/>
  </testcase> <!-- loginTest -->
</testsuite> <!-- Default test -->
