<?xml version="1.0" encoding="UTF-8"?>
<testng-results ignored="0" total="2" passed="2" failed="0" skipped="0">
  <reporter-output>
  </reporter-output>
  <suite started-at="2023-08-09T22:41:45 BDT" name="Automaiton" finished-at="2023-08-09T22:42:08 BDT" duration-ms="22700">
    <groups>
    </groups>
    <test started-at="2023-08-09T22:41:45 BDT" name="LoginTest" finished-at="2023-08-09T22:42:08 BDT" duration-ms="22700">
      <class name="com.it.bd.tests.DashboardTest">
        <test-method signature="dashBoardTest()[pri:0, instance:com.it.bd.tests.DashboardTest@17f9d882]" started-at="2023-08-09T22:42:03 BDT" name="dashBoardTest" finished-at="2023-08-09T22:42:08 BDT" duration-ms="4661" status="PASS">
          <reporter-output>
          </reporter-output>
        </test-method> <!-- dashBoardTest -->
      </class> <!-- com.it.bd.tests.DashboardTest -->
      <class name="com.it.bd.tests.LoginTest">
        <test-method is-config="true" signature="Start()[pri:0, instance:com.it.bd.tests.LoginTest@53fb3dab]" started-at="2023-08-09T22:41:42 BDT" name="Start" finished-at="2023-08-09T22:41:45 BDT" duration-ms="3007" status="PASS">
          <reporter-output>
          </reporter-output>
        </test-method> <!-- Start -->
        <test-method is-config="true" signature="openUrl()[pri:0, instance:com.it.bd.tests.LoginTest@53fb3dab]" started-at="2023-08-09T22:41:45 BDT" name="openUrl" finished-at="2023-08-09T22:41:50 BDT" duration-ms="4481" status="PASS">
          <reporter-output>
          </reporter-output>
        </test-method> <!-- openUrl -->
        <test-method signature="loginTest()[pri:0, instance:com.it.bd.tests.LoginTest@53fb3dab]" started-at="2023-08-09T22:41:50 BDT" name="loginTest" finished-at="2023-08-09T22:42:03 BDT" duration-ms="13534" status="PASS">
          <reporter-output>
          </reporter-output>
        </test-method> <!-- loginTest -->
        <test-method is-config="true" signature="close()[pri:0, instance:com.it.bd.tests.LoginTest@53fb3dab]" started-at="2023-08-09T22:42:08 BDT" name="close" finished-at="2023-08-09T22:42:08 BDT" duration-ms="106" status="PASS">
          <reporter-output>
          </reporter-output>
        </test-method> <!-- close -->
      </class> <!-- com.it.bd.tests.LoginTest -->
    </test> <!-- LoginTest -->
  </suite> <!-- Automaiton -->
</testng-results>
