<?xml version="1.0" encoding="UTF-8"?>
<testng-results ignored="0" total="2" passed="2" failed="0" skipped="0">
  <reporter-output>
  </reporter-output>
  <suite started-at="2023-08-16T03:03:34 BDT" name="Automaiton" finished-at="2023-08-16T03:03:59 BDT" duration-ms="24644">
    <groups>
    </groups>
    <test started-at="2023-08-16T03:03:34 BDT" name="LoginTest" finished-at="2023-08-16T03:03:59 BDT" duration-ms="24644">
      <class name="com.it.bd.tests.DashboardTest">
        <test-method signature="dashBoardTest()[pri:0, instance:com.it.bd.tests.DashboardTest@d737b89]" started-at="2023-08-16T03:03:52 BDT" name="dashBoardTest" finished-at="2023-08-16T03:03:59 BDT" duration-ms="6999" status="PASS">
          <reporter-output>
          </reporter-output>
        </test-method> <!-- dashBoardTest -->
        <test-method is-config="true" signature="afterClass()[pri:0, instance:com.it.bd.tests.DashboardTest@d737b89]" started-at="2023-08-16T03:03:59 BDT" name="afterClass" finished-at="2023-08-16T03:03:59 BDT" duration-ms="79" status="PASS">
          <reporter-output>
          </reporter-output>
        </test-method> <!-- afterClass -->
      </class> <!-- com.it.bd.tests.DashboardTest -->
      <class name="com.it.bd.tests.LoginTest">
        <test-method is-config="true" signature="Start()[pri:0, instance:com.it.bd.tests.LoginTest@79e4c792]" started-at="2023-08-16T03:03:31 BDT" name="Start" finished-at="2023-08-16T03:03:34 BDT" duration-ms="2761" status="PASS">
          <reporter-output>
          </reporter-output>
        </test-method> <!-- Start -->
        <test-method is-config="true" signature="openUrl()[pri:0, instance:com.it.bd.tests.LoginTest@79e4c792]" started-at="2023-08-16T03:03:34 BDT" name="openUrl" finished-at="2023-08-16T03:03:38 BDT" duration-ms="3720" status="PASS">
          <reporter-output>
          </reporter-output>
        </test-method> <!-- openUrl -->
        <test-method signature="loginTest()[pri:0, instance:com.it.bd.tests.LoginTest@79e4c792]" started-at="2023-08-16T03:03:38 BDT" name="loginTest" finished-at="2023-08-16T03:03:51 BDT" duration-ms="13583" status="PASS">
          <reporter-output>
          </reporter-output>
        </test-method> <!-- loginTest -->
        <test-method is-config="true" signature="afterClass()[pri:0, instance:com.it.bd.tests.LoginTest@79e4c792]" started-at="2023-08-16T03:03:51 BDT" name="afterClass" finished-at="2023-08-16T03:03:52 BDT" duration-ms="236" status="PASS">
          <reporter-output>
          </reporter-output>
        </test-method> <!-- afterClass -->
        <test-method is-config="true" signature="close()[pri:0, instance:com.it.bd.tests.LoginTest@79e4c792]" started-at="2023-08-16T03:03:59 BDT" name="close" finished-at="2023-08-16T03:03:59 BDT" duration-ms="155" status="PASS">
          <reporter-output>
          </reporter-output>
        </test-method> <!-- close -->
      </class> <!-- com.it.bd.tests.LoginTest -->
    </test> <!-- LoginTest -->
  </suite> <!-- Automaiton -->
</testng-results>
